The system is: Windows - 10.0.19044 - AMD64
Compiling the C compiler identification source file "CMakeCCompilerId.c" succeeded.
Compiler: D:/Program Files (x86)/Microsoft Visual Studio/2019/Community/VC/Tools/MSVC/14.24.28314/bin/HostX64/x64/cl.exe 
Build flags: 
Id flags:  

The output was:
0
用于 x64 的 Microsoft (R) C/C++ 优化编译器 19.24.28316 版
版权所有(C) Microsoft Corporation。保留所有权利。

CMakeCCompilerId.c
Microsoft (R) Incremental Linker Version 14.24.28316.0
Copyright (C) Microsoft Corporation.  All rights reserved.

/out:CMakeCCompilerId.exe 
CMakeCCompilerId.obj 


Compilation of the C compiler identification source "CMakeCCompilerId.c" produced "CMakeCCompilerId.exe"

Compilation of the C compiler identification source "CMakeCCompilerId.c" produced "CMakeCCompilerId.obj"

The C compiler identification is MSVC, found in "D:/Desktop/LearnCMake/out/build/x64-Debug/CMakeFiles/3.15.19101501-MSVC_2/CompilerIdC/CMakeCCompilerId.exe"

Compiling the CXX compiler identification source file "CMakeCXXCompilerId.cpp" succeeded.
Compiler: D:/Program Files (x86)/Microsoft Visual Studio/2019/Community/VC/Tools/MSVC/14.24.28314/bin/HostX64/x64/cl.exe 
Build flags: 
Id flags:  

The output was:
0
用于 x64 的 Microsoft (R) C/C++ 优化编译器 19.24.28316 版
版权所有(C) Microsoft Corporation。保留所有权利。

CMakeCXXCompilerId.cpp
Microsoft (R) Incremental Linker Version 14.24.28316.0
Copyright (C) Microsoft Corporation.  All rights reserved.

/out:CMakeCXXCompilerId.exe 
CMakeCXXCompilerId.obj 


Compilation of the CXX compiler identification source "CMakeCXXCompilerId.cpp" produced "CMakeCXXCompilerId.exe"

Compilation of the CXX compiler identification source "CMakeCXXCompilerId.cpp" produced "CMakeCXXCompilerId.obj"

The CXX compiler identification is MSVC, found in "D:/Desktop/LearnCMake/out/build/x64-Debug/CMakeFiles/3.15.19101501-MSVC_2/CompilerIdCXX/CMakeCXXCompilerId.exe"

Determining if the C compiler works passed with the following output:
Change Dir: D:/Desktop/LearnCMake/out/build/x64-Debug/CMakeFiles/CMakeTmp

Run Build Command(s):D:/Program Files (x86)/Microsoft Visual Studio/2019/Community/Common7/IDE/CommonExtensions/Microsoft/CMake/Ninja/ninja.exe cmTC_0a5bb && [1/2] Building C object CMakeFiles\cmTC_0a5bb.dir\testCCompiler.c.obj
[2/2] Linking C executable cmTC_0a5bb.exe



Detecting C compiler ABI info compiled with the following output:
Change Dir: D:/Desktop/LearnCMake/out/build/x64-Debug/CMakeFiles/CMakeTmp

Run Build Command(s):D:/Program Files (x86)/Microsoft Visual Studio/2019/Community/Common7/IDE/CommonExtensions/Microsoft/CMake/Ninja/ninja.exe cmTC_1c1c8 && [1/2] Building C object CMakeFiles\cmTC_1c1c8.dir\CMakeCCompilerABI.c.obj
[2/2] Linking C executable cmTC_1c1c8.exe



Determining if the CXX compiler works passed with the following output:
Change Dir: D:/Desktop/LearnCMake/out/build/x64-Debug/CMakeFiles/CMakeTmp

Run Build Command(s):D:/Program Files (x86)/Microsoft Visual Studio/2019/Community/Common7/IDE/CommonExtensions/Microsoft/CMake/Ninja/ninja.exe cmTC_28bca && [1/2] Building CXX object CMakeFiles\cmTC_28bca.dir\testCXXCompiler.cxx.obj
[2/2] Linking CXX executable cmTC_28bca.exe



Detecting CXX compiler ABI info compiled with the following output:
Change Dir: D:/Desktop/LearnCMake/out/build/x64-Debug/CMakeFiles/CMakeTmp

Run Build Command(s):D:/Program Files (x86)/Microsoft Visual Studio/2019/Community/Common7/IDE/CommonExtensions/Microsoft/CMake/Ninja/ninja.exe cmTC_1c247 && [1/2] Building CXX object CMakeFiles\cmTC_1c247.dir\CMakeCXXCompilerABI.cpp.obj
[2/2] Linking CXX executable cmTC_1c247.exe



